<html>
<body>
<pre>
<h1>µVision Build Log</h1>
<h2>Tool Versions:</h2>
IDE-Version: ¦ÌVision V5.38.0.0
Copyright (C) 2022 ARM Ltd and ARM Germany GmbH. All rights reserved.
License Information: lmy 2777400275@qq.com, lmy, LIC=WHYH9-4LIQE-VEGHA-18IYC-ZQP6C-NL0JA
 
Tool Versions:
Toolchain:       MDK-ARM Plus  Version: 5.38.0.0
Toolchain Path:  C:\Keil_v5\ARM\ARMCLANG\Bin
C Compiler:      ArmClang.exe V6.19
Assembler:       Armasm.exe V6.19
Linker/Locator:  ArmLink.exe V6.19
Library Manager: ArmAr.exe V6.19
Hex Converter:   FromElf.exe V6.19
CPU DLL:         SARMCM3.DLL V5.38.0.0
Dialog DLL:      DCM.DLL V1.17.5.0
Target DLL:      CMSIS_AGDI.dll V1.33.15.0
Dialog DLL:      TCM.DLL V1.56.4.0
 
<h2>Project:</h2>
<<<<<<< Updated upstream
D:\out\competition\construction robot\code\construction_robot\project\project.uvprojx
=======
C:\Users\33368\Documents\GitHub\construction_robot\project\project.uvprojx
>>>>>>> Stashed changes
Project File Date:  04/05/2024

<h2>Output:</h2>
*** Using Compiler 'V6.19', folder: 'C:\Keil_v5\ARM\ARMCLANG\Bin'
Build target 'rt-thread'
<<<<<<< Updated upstream
applications/robotManager/robotmanager.c(458): error: use of undeclared identifier 'test_go_table'
    Path_table_init(&test_go_table, test_go, "test go table", 0, 0);
                     ^
applications/robotManager/robotmanager.c(458): error: use of undeclared identifier 'test_go'
    Path_table_init(&test_go_table, test_go, "test go table", 0, 0);
                                    ^
applications/robotManager/robotmanager.c(459): error: use of undeclared identifier 'test_back_table'
    Path_table_init(&test_back_table, test_back, "test back table", 0, 0);
                     ^
applications/robotManager/robotmanager.c(459): error: use of undeclared identifier 'test_back'
    Path_table_init(&test_back_table, test_back, "test back table", 0, 0);
                                      ^
applications/robotManager/robotmanager.c(460): error: use of undeclared identifier 'test_go_table'
    this_table = &test_go_table;
                  ^
5 errors generated.
compiling robotmanager.c...
".\build\keil\Obj\rt-thread.axf" - 5 Error(s), 0 Warning(s).
=======
compiling abus_port.c...
applications/bsp_sbus.c(114): warning: non-void function does not return a value [-Wreturn-type]
  114 | }
      | ^
1 warning generated.
compiling bsp_sbus.c...
applications/apid_exfunc.c(87): warning: passing an object that undergoes default argument promotion to 'va_start' has undefined behavior [-Wvarargs]
   87 |           va_start(ap, imode); // åˆå§‹åŒ–ï¼Œç¬¬äºŒä¸ªå‚æ•°ä¸ºæœ€åŽä¸€ä¸ªç¡®å®šçš„å½¢å‚      
      |                        ^
applications/apid_exfunc.c(84): note: parameter of type 'ALL_PID_I_Function' (aka 'enum ALL_PID_I_Function') is declared here
   84 | void APID_SET_I_Function(apid_t *pid, ALL_PID_I_Function imode, ...)
      |                                                          ^
1 warning generated.
compiling apid_exfunc.c...
compiling servo_port.c...
compiling abus_topic.c...
applications/Emm_V5.c(1): warning: In file included from...
applications/Emm_V5.h(21): warning: redefinition of typedef 'stepper_motor_t' is a C11 feature [-Wtypedef-redefinition]
   21 | typedef struct stepper_motor stepper_motor_t;
      |                              ^
applications/drv_stepper_motor.h(42): note: previous definition is here
   42 | }stepper_motor_t;
      |  ^
1 warning generated.
compiling Emm_V5.c...
compiling chassis.c...
applications/chassis/chassis_module_mai.c(27): warning: 'CHASSIS_MAI_WHELL_R_M' macro redefined [-Wmacro-redefined]
   27 | #define CHASSIS_MAI_WHELL_R_M (0.034904f) // 3ä¸ªéƒ½å·®1mm å¯¼è‡´åœ°ç›˜æ—‹è½¬180ä¼šæœ‰5.6åº¦åå·®ï¼Œï¼Œï¼Œæµ‹é‡è¯¯å·®ï¼ï¼ï¼ï¼ï¼æ²¡æƒ³è¿‡è¿™äº›ä¼šå½±å“è¿™ä¹ˆå¤§ï¼Œï¼Œå­¦ä¼šä½¿ç”¨å·¥å…·å’Œæ˜¯é€‚å½“çš„æ›¿æ¢è·ç¦»
      |         ^
applications/chassis/chassis_module_mai.c(26): note: previous definition is here
   26 | #define CHASSIS_MAI_WHELL_R_M (0.034704f) // 3ä¸ªéƒ½å·®1mm å¯¼è‡´åœ°ç›˜æ—‹è½¬180ä¼šæœ‰5.6åº¦åå·®ï¼Œï¼Œï¼Œæµ‹é‡è¯¯å·®ï¼ï¼ï¼ï¼ï¼æ²¡æƒ³è¿‡è¿™äº›ä¼šå½±å“è¿™ä¹ˆå¤§ï¼Œï¼Œå­¦ä¼šä½¿ç”¨å·¥å…·å’Œæ˜¯é€‚å½“çš„æ›¿æ¢è·ç¦»
      |         ^
1 warning generated.
compiling chassis_module_mai.c...
compiling afifo.c...
compiling fashion_star_uart_servo.c...
compiling apid.c...
compiling aboard_power_switch.c...
compiling pins_arduino.c...
compiling chassis_port.c...
compiling PathFinder.c...
compiling applications_arduino_main.cpp...
compiling RobotState.c...
compiling SemanticMap.c...
compiling follow_line.c...
compiling arduino_main.cpp...
applications/main.c(20): warning: In file included from...
applications/Emm_V5.h(21): warning: redefinition of typedef 'stepper_motor_t' is a C11 feature [-Wtypedef-redefinition]
   21 | typedef struct stepper_motor stepper_motor_t;
      |                              ^
applications/drv_stepper_motor.h(42): note: previous definition is here
   42 | }stepper_motor_t;
      |  ^
1 warning generated.
compiling main.c...
applications/drv_stepper_motor.c(13): warning: In file included from...
applications/drv_stepper_motor.h(42): warning: redefinition of typedef 'stepper_motor_t' is a C11 feature [-Wtypedef-redefinition]
   42 | }stepper_motor_t;
      |  ^
applications/Emm_V5.h(21): note: previous definition is here
   21 | typedef struct stepper_motor stepper_motor_t;
      |                              ^
1 warning generated.
compiling drv_stepper_motor.c...
compiling motor_cfg.c...
compiling command.cpp...
compiling motor.c...
applications/robotManager/robotmanager.c(380): error: use of undeclared identifier 'test_go'
  380 |     Path_table_init(&test_go_table, test_go, "test go table", 0, 0);
      |                                     ^
applications/robotManager/robotmanager.c(381): error: use of undeclared identifier 'test_back'
  381 |     Path_table_init(&test_back_table, test_back, "test back table", 0, 0);
      |                                       ^
2 errors generated.
compiling robotmanager.c...
compiling motor_dj_rm_driver.c...
compiling cvector.c...
compiling drv_action.c...
compiling RampsStepper.cpp...
compiling endstop.cpp...
compiling robot_move_direct.c...
compiling equipment.cpp...
compiling cmb_flash_log.c...
compiling statemachine.c...
compiling cmb_port.c...
compiling cm_backtrace.c...
compiling logger.cpp...
compiling syscall_mem.c...
compiling cctype.c...
compiling interpolation.cpp...
compiling robotGeometry.cpp...
compiling syscalls.c...
compiling cstdlib.c...
rt-thread/components/libc/compilers/common/cstring.c(196): warning: nonnull parameter 'saveptr' will evaluate to 'true' on first encounter [-Wpointer-bool-conversion]
  196 |     else if (saveptr && *saveptr)
      |              ^~~~~~~ ~~
C:\Keil_v5\ARM\ARMCLANG\Bin\..\include\string.h(283): note: declared 'nonnull' here
  283 | extern _ARMABI char *strtok_r(char * /*s1*/, const char * /*s2*/, char ** /*ptr*/) __attribute__((__nonnull__(2,3)));
      |                                                                                                   ^
rt-thread/components/libc/compilers/common/cstring.c(219): warning: nonnull parameter 'saveptr' will evaluate to 'true' on first encounter [-Wpointer-bool-conversion]
  219 |     if (saveptr)
      |     ~~  ^~~~~~~
C:\Keil_v5\ARM\ARMCLANG\Bin\..\include\string.h(283): note: declared 'nonnull' here
  283 | extern _ARMABI char *strtok_r(char * /*s1*/, const char * /*s2*/, char ** /*ptr*/) __attribute__((__nonnull__(2,3)));
      |                                                                                                   ^
2 warnings generated.
compiling cstring.c...
compiling cunistd.c...
compiling cwchar.c...
rt-thread/components/libc/compilers/common/ctime.c(249): warning: comparison of nonnull parameter 't' equal to a null pointer is 'false' on first encounter [-Wtautological-pointer-compare]
  249 |     if(t == RT_NULL || buf == RT_NULL)
      |        ^    ~~~~~~~
C:\Keil_v5\ARM\ARMCLANG\Bin\..\include\time.h(171): note: declared 'nonnull' here
  171 |                                char * __restrict /*buf*/) __attribute__((__nonnull__(1,2)));
      |                                                                          ^
rt-thread/components/libc/compilers/common/ctime.c(249): warning: comparison of nonnull parameter 'buf' equal to a null pointer is 'false' on first encounter [-Wtautological-pointer-compare]
  249 |     if(t == RT_NULL || buf == RT_NULL)
      |                        ^~~    ~~~~~~~
C:\Keil_v5\ARM\ARMCLANG\Bin\..\include\time.h(171): note: declared 'nonnull' here
  171 |                                char * __restrict /*buf*/) __attribute__((__nonnull__(1,2)));
      |                                                                          ^
2 warnings generated.
compiling ctime.c...
compiling cxx_crt_init.c...
compiling cxx_crt.cpp...
compiling device.c...
compiling i2c_core.c...
compiling completion.c...
compiling i2c_dev.c...
compiling can.c...
compiling pipe.c...
compiling i2c-bit-ops.c...
compiling dataqueue.c...
compiling ringblk_buf.c...
compiling waitqueue.c...
compiling ringbuffer.c...
compiling workqueue.c...
compiling adc.c...
compiling rt_drv_pwm.c...
compiling pin.c...
compiling board.c...
compiling serial_v2.c...
compiling drv_adc.c...
compiling drv_soft_i2c.c...
compiling stm32f4xx_hal_msp.c...
compiling drv_gpio.c...
warning: unknown warning option '-Wstack-usage=4096'; did you mean '-Wstack-protector'? [-Wunknown-warning-option]
1 warning generated.
compiling msh_parse.c...
compiling drv_tim.c...
compiling drv_pwm.c...
compiling drv_can.c...
warning: unknown warning option '-Wstack-usage=4096'; did you mean '-Wstack-protector'? [-Wunknown-warning-option]
1 warning generated.
compiling shell.c...
warning: unknown warning option '-Wstack-usage=4096'; did you mean '-Wstack-protector'? [-Wunknown-warning-option]
1 warning generated.
compiling msh.c...
compiling drv_common.c...
warning: unknown warning option '-Wstack-usage=4096'; did you mean '-Wstack-protector'? [-Wunknown-warning-option]
1 warning generated.
compiling cmd.c...
compiling clock.c...
compiling components.c...
compiling drv_usart_v2.c...
compiling idle.c...
compiling irq.c...
compiling mem.c...
compiling scheduler_comm.c...
compiling atomic_arm.c...
compiling object.c...
compiling thread.c...
compiling scheduler_up.c...
compiling div0.c...
compiling kservice.c...
compiling timer.c...
compiling showmem.c...
compiling cpuport.c...
compiling stm32f4xx_hal_lptim.c...
compiling ipc.c...
compiling stm32f4xx_hal_rcc_ex.c...
compiling stm32f4xx_hal_cryp_ex.c...
compiling stm32f4xx_hal_adc.c...
compiling stm32f4xx_hal_usart.c...
compiling stm32f4xx_hal_crc.c...
compiling stm32f4xx_hal_pwr_ex.c...
compiling stm32f4xx_hal_i2c_ex.c...
compiling stm32f4xx_hal_dma.c...
compiling stm32f4xx_hal_tim_ex.c...
compiling stm32f4xx_hal_pwr.c...
compiling stm32f4xx_hal_uart.c...
compiling stm32f4xx_hal_adc_ex.c...
compiling stm32f4xx_hal_dma_ex.c...
compiling stm32f4xx_hal_rng.c...
compiling stm32f4xx_hal_rcc.c...
compiling stm32f4xx_hal_cortex.c...
compiling stm32f4xx_hal_cryp.c...
compiling stm32f4xx_hal_i2c.c...
compiling stm32f4xx_hal_cec.c...
compiling stm32f4xx_hal_can.c...
compiling stm32f4xx_hal.c...
compiling system_stm32f4xx.c...
compiling stm32f4xx_hal_gpio.c...
compiling perf_os_patch_rt_thread.c...
compiling perf_counter.c...
compiling stm32f4xx_hal_tim.c...
compiling wiring_digital.c...
compiling avr_stdlib.c...
compiling wiring_shift.c...
compiling arduino_pinout_pins_arduino.c...
compiling WInterrupts.c...
compiling rt_vsnprintf.c...
compiling Tone.cpp...
compiling wiring_pulse.c...
compiling Print.cpp...
compiling wiring.c...
compiling HardwareSerial.cpp...
compiling WMath_c.c...
compiling WString.cpp...
compiling wiring_analog.c...
compiling IPAddress.cpp...
compiling WMath_cpp.cpp...
compiling RTduino.cpp...
compiling console_be.c...
compiling Servo.cpp...
compiling Stream.cpp...
compiling ulog.c...
compiling Wire.cpp...
".\build\keil\Obj\rt-thread.axf" - 2 Error(s), 14 Warning(s).
>>>>>>> Stashed changes

<h2>Software Packages used:</h2>

Package Vendor: Keil
                https://www.keil.com/pack/Keil.STM32F4xx_DFP.2.17.1.pack
                Keil.STM32F4xx_DFP.2.17.1
                STMicroelectronics STM32F4 Series Device Support, Drivers and Examples

<h2>Collection of Component include folders:</h2>
  C:/Keil_v5/ARM/PACK/Keil/STM32F4xx_DFP/2.17.1/Drivers/CMSIS/Device/ST/STM32F4xx/Include

<h2>Collection of Component Files used:</h2>
Target not created.
<<<<<<< Updated upstream
Build Time Elapsed:  00:00:02
=======
Build Time Elapsed:  00:00:09
>>>>>>> Stashed changes
</pre>
</body>
</html>
