<html>
<body>
<pre>
<h1>µVision Build Log</h1>
<h2>Tool Versions:</h2>
IDE-Version: ¶ÃVision V5.39.0.0
Copyright (C) 2023 ARM Ltd and ARM Germany GmbH. All rights reserved.
License Information: d 805207319@qq.com, d, LIC=RC93N-Y6I5C-749S0-BB47H-1DVAV-GFK1A
 
Tool Versions:
Toolchain:       MDK-ARM Plus  Version: 5.39.0.0
Toolchain Path:  C:\Keil_v5\ARM\ARMCLANG\Bin
C Compiler:      ArmClang.exe V6.21
Assembler:       Armasm.exe V6.21
Linker/Locator:  ArmLink.exe V6.21
Library Manager: ArmAr.exe V6.21
Hex Converter:   FromElf.exe V6.21
CPU DLL:         SARMCM3.DLL V5.39.0.0
Dialog DLL:      DCM.DLL V1.17.5.0
Target DLL:      CMSIS_AGDI.dll V1.33.16.0
Dialog DLL:      TCM.DLL V1.56.4.0
 
<h2>Project:</h2>
C:\Users\33368\Documents\GitHub\construction_robot\project\project.uvprojx
Project File Date:  03/19/2024

<h2>Output:</h2>
*** Using Compiler 'V6.21', folder: 'C:\Keil_v5\ARM\ARMCLANG\Bin'
Build target 'rt-thread'
compiling command.cpp...
applications/apid.c(10): warning: In file included from...
applications/apid.h(189): warning: redefinition of typedef 'apid_t' is a C11 feature [-Wtypedef-redefinition]
  189 |     }apid_t;
      |      ^
applications/apid.h(177): note: previous definition is here
  177 |     typedef  struct _PID_T apid_t;
      |                            ^
1 warning generated.
compiling apid.c...
compiling aboard_power_switch.c...
compiling main.c...
applications/apid_exfunc.c(9): warning: In file included from...
applications/apid.h(189): warning: redefinition of typedef 'apid_t' is a C11 feature [-Wtypedef-redefinition]
  189 |     }apid_t;
      |      ^
applications/apid.h(177): note: previous definition is here
  177 |     typedef  struct _PID_T apid_t;
      |                            ^
applications/apid_exfunc.c(87): warning: passing an object that undergoes default argument promotion to 'va_start' has undefined behavior [-Wvarargs]
   87 |           va_start(ap, imode); // ÂàùÂßãÂåñÔºåÁ¨¨‰∫å‰∏™ÂèÇÊï∞‰∏∫ÊúÄÂêé‰∏Ä‰∏™Á°ÆÂÆöÁöÑÂΩ¢ÂèÇ      
      |                        ^
applications/apid_exfunc.c(84): note: parameter of type 'ALL_PID_I_Function' (aka 'enum ALL_PID_I_Function') is declared here
   84 | void APID_SET_I_Function(apid_t *pid, ALL_PID_I_Function imode, ...)
      |                                                          ^
2 warnings generated.
compiling apid_exfunc.c...
applications/motor_cfg.c(2): warning: In file included from...
applications/motor.h(17): warning: In file included from...
applications/apid.h(189): warning: redefinition of typedef 'apid_t' is a C11 feature [-Wtypedef-redefinition]
  189 |     }apid_t;
      |      ^
applications/apid.h(177): note: previous definition is here
  177 |     typedef  struct _PID_T apid_t;
      |                            ^
applications/motor_cfg.c(2): warning: In file included from...
applications/motor.h(96): warning: redefinition of typedef 'motor_t' is a C11 feature [-Wtypedef-redefinition]
   96 |     } motor_t;
      |       ^
applications/motor.h(55): note: previous definition is here
   55 |     typedef struct motor motor_t;
      |                          ^
2 warnings generated.
compiling motor_cfg.c...
compiling equipment.cpp...
applications/drv_stepper_motor.c(10): warning: In file included from...
applications/drv_stepper_motor.h(40): warning: redefinition of typedef 'stepper_motor_t' is a C11 feature [-Wtypedef-redefinition]
   40 | }stepper_motor_t;
      |  ^
applications/Emm_V5.h(21): note: previous definition is here
   21 | typedef struct stepper_motor stepper_motor_t;
      |                              ^
1 warning generated.
compiling drv_stepper_motor.c...
compiling interpolation.cpp...
applications/motor.c(16): warning: In file included from...
applications/motor.h(17): warning: In file included from...
applications/apid.h(189): warning: redefinition of typedef 'apid_t' is a C11 feature [-Wtypedef-redefinition]
  189 |     }apid_t;
      |      ^
applications/apid.h(177): note: previous definition is here
  177 |     typedef  struct _PID_T apid_t;
      |                            ^
applications/motor.c(16): warning: In file included from...
applications/motor.h(96): warning: redefinition of typedef 'motor_t' is a C11 feature [-Wtypedef-redefinition]
   96 |     } motor_t;
      |       ^
applications/motor.h(55): note: previous definition is here
   55 |     typedef struct motor motor_t;
      |                          ^
2 warnings generated.
compiling motor.c...
applications/motor_dj_rm_driver.c(26): warning: In file included from...
applications/apid.h(189): warning: redefinition of typedef 'apid_t' is a C11 feature [-Wtypedef-redefinition]
  189 |     }apid_t;
      |      ^
applications/apid.h(177): note: previous definition is here
  177 |     typedef  struct _PID_T apid_t;
      |                            ^
applications/motor_dj_rm_driver.c(27): warning: In file included from...
applications/motor_dj_rm_driver.h(16): warning: In file included from...
applications/motor.h(96): warning: redefinition of typedef 'motor_t' is a C11 feature [-Wtypedef-redefinition]
   96 |     } motor_t;
      |       ^
applications/motor.h(55): note: previous definition is here
   55 |     typedef struct motor motor_t;
      |                          ^
applications/motor_dj_rm_driver.c(222): error: variable has incomplete type 'struct rt_can_msg'
  222 |     struct rt_can_msg msg = {0};
      |                       ^
applications/motor_dj_rm_driver.c(222): note: forward declaration of 'struct rt_can_msg'
  222 |     struct rt_can_msg msg = {0};
      |            ^
applications/motor_dj_rm_driver.c(232): error: use of undeclared identifier 'RT_CAN_STDID'
  232 |         msg.ide = RT_CAN_STDID; /* Ê†áÂáÜÊ†ºÂºè */
      |                   ^
applications/motor_dj_rm_driver.c(233): error: use of undeclared identifier 'RT_CAN_DTR'
  233 |         msg.rtr = RT_CAN_DTR;   /* Êï∞ÊçÆÂ∏ß */
      |                   ^
applications/motor_dj_rm_driver.c(600): error: variable has incomplete type 'struct rt_can_msg'
  600 |     struct rt_can_msg rxmsg = {0};
      |                       ^
applications/motor_dj_rm_driver.c(600): note: forward declaration of 'struct rt_can_msg'
  600 |     struct rt_can_msg rxmsg = {0};
      |            ^
applications/motor_dj_rm_driver.c(680): error: variable has incomplete type 'struct rt_can_msg'
  680 |     struct rt_can_msg msg = {0};
      |                       ^
applications/motor_dj_rm_driver.c(680): note: forward declaration of 'struct rt_can_msg'
  680 |     struct rt_can_msg msg = {0};
      |            ^
applications/motor_dj_rm_driver.c(701): warning: incompatible pointer types passing 'int *' to parameter of type 'rt_uint8_t *' (aka 'unsigned char *') [-Wincompatible-pointer-types]
  701 |         if(rt_ringbuffer_getchar(dj_m_ringfifo, &i)==0)
      |                                                 ^~
rt-thread/components/drivers/include/ipc/ringbuffer.h(74): note: passing argument to parameter 'ch' here
   74 | rt_size_t rt_ringbuffer_getchar(struct rt_ringbuffer *rb, rt_uint8_t *ch);
      |                                                                       ^
applications/motor_dj_rm_driver.c(727): error: variable has incomplete type 'struct rt_can_msg'
  727 |     struct rt_can_msg msg = {0};
      |                       ^
applications/motor_dj_rm_driver.c(727): note: forward declaration of 'struct rt_can_msg'
  727 |     struct rt_can_msg msg = {0};
      |            ^
applications/motor_dj_rm_driver.c(751): error: use of undeclared identifier 'CAN1MBaud'
  751 |     res = rt_device_control(can_dev, RT_CAN_CMD_SET_BAUD, (void *)CAN1MBaud);
      |                                                                   ^
applications/motor_dj_rm_driver.c(751): error: use of undeclared identifier 'RT_CAN_CMD_SET_BAUD'
  751 |     res = rt_device_control(can_dev, RT_CAN_CMD_SET_BAUD, (void *)CAN1MBaud);
      |                                      ^
3 warnings and 8 errors generated.
compiling motor_dj_rm_driver.c...
applications/follow_line.c(1): warning: In file included from...
applications/follow_line.h(24): warning: In file included from...
./applications/abus\abus_topic.h(17): warning: In file included from...
./applications/abus/afifo.h(32): warning: 'EPERM' macro redefined [-Wmacro-redefined]
   32 | #define EPERM 1  /* Operation not permitted */
      |         ^
rt-thread/components/libc/compilers/common/extension\sys/errno.h(45): note: previous definition is here
   45 | #define EPERM            (ERROR_BASE_NO + 1)
      |         ^
applications/follow_line.c(1): warning: In file included from...
applications/follow_line.h(24): warning: In file included from...
./applications/abus\abus_topic.h(17): warning: In file included from...
./applications/abus/afifo.h(33): warning: 'ENOENT' macro redefined [-Wmacro-redefined]
   33 | #define ENOENT 2 /* No such file or directory */
      |         ^
rt-thread/components/libc/compilers/common/extension\sys/errno.h(49): note: previous definition is here
   49 | #define ENOENT           (ERROR_BASE_NO + 2)
      |         ^
applications/follow_line.c(1): warning: In file included from...
applications/follow_line.h(24): warning: In file included from...
./applications/abus\abus_topic.h(17): warning: In file included from...
./applications/abus/afifo.h(34): warning: 'ESRCH' macro redefined [-Wmacro-redefined]
   34 | #define ESRCH 3  /* No such process */
      |         ^
rt-thread/components/libc/compilers/common/extension\sys/errno.h(53): note: previous definition is here
   53 | #define ESRCH            (ERROR_BASE_NO + 3)
      |         ^
applications/follow_line.c(1): warning: In file included from...
applications/follow_line.h(24): warning: In file included from...
./applications/abus\abus_topic.h(17): warning: In file included from...
./applications/abus/afifo.h(35): warning: 'EINTR' macro redefined [-Wmacro-redefined]
   35 | #define EINTR 4  /* Interrupted system call */
      |         ^
rt-thread/components/libc/compilers/common/extension\sys/errno.h(57): note: previous definition is here
   57 | #define EINTR            (ERROR_BASE_NO + 4)
      |         ^
applications/follow_line.c(1): warning: In file included from...
applications/follow_line.h(24): warning: In file included from...
./applications/abus\abus_topic.h(46): warning: redefinition of typedef 'abus_accounter_t' is a C11 feature [-Wtypedef-redefinition]
   46 |         } abus_accounter_t;
      |           ^
./applications/abus\abus_topic.h(29): note: previous definition is here
   29 |         typedef struct abus_accounter abus_accounter_t;
      |                                       ^
./applications/abus\abus_topic.h(61): warning: redefinition of typedef 'abus_topic_t' is a C11 feature [-Wtypedef-redefinition]
   61 |         } abus_topic_t;
      |           ^
./applications/abus\abus_topic.h(30): note: previous definition is here
   30 |         typedef struct abus_topic abus_topic_t;
      |                                   ^
applications/follow_line.c(2): warning: In file included from...
applications/apid.h(189): warning: redefinition of typedef 'apid_t' is a C11 feature [-Wtypedef-redefinition]
  189 |     }apid_t;
      |      ^
applications/apid.h(177): note: previous definition is here
  177 |     typedef  struct _PID_T apid_t;
      |                            ^
applications/follow_line.c(5): warning: In file included from...
./applications/chassis\chassis_port.h(14): warning: In file included from...
./applications/chassis/chassis.h(14): warning: In file included from...
./applications/chassis/chassis_cfg.h(19): warning: In file included from...
applications\motor.h(96): warning: redefinition of typedef 'motor_t' is a C11 feature [-Wtypedef-redefinition]
   96 |     } motor_t;
      |       ^
applications\motor.h(55): note: previous definition is here
   55 |     typedef struct motor motor_t;
      |                          ^
8 warnings generated.
compiling follow_line.c...
applications/Emm_V5.c(1): warning: In file included from...
applications/Emm_V5.h(21): warning: redefinition of typedef 'stepper_motor_t' is a C11 feature [-Wtypedef-redefinition]
   21 | typedef struct stepper_motor stepper_motor_t;
      |                              ^
applications/drv_stepper_motor.h(40): note: previous definition is here
   40 | }stepper_motor_t;
      |  ^
1 warning generated.
compiling Emm_V5.c...
compiling arduino_main.cpp...
compiling endstop.cpp...
compiling abus_topic.c...
compiling logger.cpp...
compiling robotGeometry.cpp...
compiling afifo.c...
applications/robotarm/RampsStepper.cpp(23): warning: expression result unused [-Wunused-value]
   23 |   stepperStepTargetPosition;
      |   ^~~~~~~~~~~~~~~~~~~~~~~~~
1 warning generated.
compiling RampsStepper.cpp...
compiling cvector.c...
compiling PathFinder.c...
compiling RobotState.c...
compiling statemachine.c...
compiling SemanticMap.c...
compiling chassis.c...
compiling chassis_module_mai.c...
compiling robotmanager.c...
compiling cctype.c...
compiling syscall_mem.c...
compiling abus_port.c...
applications/chassis/chassis_port.c(9): warning: In file included from...
applications/chassis/chassis_port.h(15): warning: In file included from...
./applications/abus\abus_topic.h(17): warning: In file included from...
./applications/abus/afifo.h(32): warning: 'EPERM' macro redefined [-Wmacro-redefined]
   32 | #define EPERM 1  /* Operation not permitted */
      |         ^
rt-thread/components/libc/compilers/common/extension\sys/errno.h(45): note: previous definition is here
   45 | #define EPERM            (ERROR_BASE_NO + 1)
      |         ^
applications/chassis/chassis_port.c(9): warning: In file included from...
applications/chassis/chassis_port.h(15): warning: In file included from...
./applications/abus\abus_topic.h(17): warning: In file included from...
./applications/abus/afifo.h(33): warning: 'ENOENT' macro redefined [-Wmacro-redefined]
   33 | #define ENOENT 2 /* No such file or directory */
      |         ^
rt-thread/components/libc/compilers/common/extension\sys/errno.h(49): note: previous definition is here
   49 | #define ENOENT           (ERROR_BASE_NO + 2)
      |         ^
applications/chassis/chassis_port.c(9): warning: In file included from...
applications/chassis/chassis_port.h(15): warning: In file included from...
./applications/abus\abus_topic.h(17): warning: In file included from...
./applications/abus/afifo.h(34): warning: 'ESRCH' macro redefined [-Wmacro-redefined]
   34 | #define ESRCH 3  /* No such process */
      |         ^
rt-thread/components/libc/compilers/common/extension\sys/errno.h(53): note: previous definition is here
   53 | #define ESRCH            (ERROR_BASE_NO + 3)
      |         ^
applications/chassis/chassis_port.c(9): warning: In file included from...
applications/chassis/chassis_port.h(15): warning: In file included from...
./applications/abus\abus_topic.h(17): warning: In file included from...
./applications/abus/afifo.h(35): warning: 'EINTR' macro redefined [-Wmacro-redefined]
   35 | #define EINTR 4  /* Interrupted system call */
      |         ^
rt-thread/components/libc/compilers/common/extension\sys/errno.h(57): note: previous definition is here
   57 | #define EINTR            (ERROR_BASE_NO + 4)
      |         ^
4 warnings generated.
compiling chassis_port.c...
compiling syscalls.c...
compiling cstdlib.c...
compiling cunistd.c...
compiling cwchar.c...
rt-thread/components/libc/compilers/common/cstring.c(196): warning: nonnull parameter 'saveptr' will evaluate to 'true' on first encounter [-Wpointer-bool-conversion]
  196 |     else if (saveptr && *saveptr)
      |              ^~~~~~~ ~~
C:\Keil_v5\ARM\ARMCLANG\Bin\..\include\string.h(283): note: declared 'nonnull' here
  283 | extern _ARMABI char *strtok_r(char * /*s1*/, const char * /*s2*/, char ** /*ptr*/) __attribute__((__nonnull__(2,3)));
      |                                                                                                   ^
rt-thread/components/libc/compilers/common/cstring.c(219): warning: nonnull parameter 'saveptr' will evaluate to 'true' on first encounter [-Wpointer-bool-conversion]
  219 |     if (saveptr)
      |     ~~  ^~~~~~~
C:\Keil_v5\ARM\ARMCLANG\Bin\..\include\string.h(283): note: declared 'nonnull' here
  283 | extern _ARMABI char *strtok_r(char * /*s1*/, const char * /*s2*/, char ** /*ptr*/) __attribute__((__nonnull__(2,3)));
      |                                                                                                   ^
2 warnings generated.
compiling cstring.c...
compiling miscellaneous.cpp...
compiling clock.cpp...
rt-thread/components/libc/compilers/common/ctime.c(249): warning: comparison of nonnull parameter 't' equal to a null pointer is 'false' on first encounter [-Wtautological-pointer-compare]
  249 |     if(t == RT_NULL || buf == RT_NULL)
      |        ^    ~~~~~~~
C:\Keil_v5\ARM\ARMCLANG\Bin\..\include\time.h(171): note: declared 'nonnull' here
  171 |                                char * __restrict /*buf*/) __attribute__((__nonnull__(1,2)));
      |                                                                          ^
rt-thread/components/libc/compilers/common/ctime.c(249): warning: comparison of nonnull parameter 'buf' equal to a null pointer is 'false' on first encounter [-Wtautological-pointer-compare]
  249 |     if(t == RT_NULL || buf == RT_NULL)
      |                        ^~~    ~~~~~~~
C:\Keil_v5\ARM\ARMCLANG\Bin\..\include\time.h(171): note: declared 'nonnull' here
  171 |                                char * __restrict /*buf*/) __attribute__((__nonnull__(1,2)));
      |                                                                          ^
2 warnings generated.
compiling ctime.c...
compiling mutex.cpp...
compiling atomic_8.c...
compiling emutls.c...
compiling thread.cpp...
compiling thread_local_impl.cpp...
compiling condvar.cpp...
compiling cxx_crt.cpp...
compiling cxx_crt_init.c...
compiling cxx_Mutex.cpp...
compiling cxx_Semaphore.cpp...
compiling cxx_Thread.cpp...
rt-thread/components/drivers/can/can.c(28): error: incomplete definition of type 'struct rt_can_device'
   28 |     can->can_rx = RT_NULL;
      |     ~~~^
rt-thread/components/drivers/can/can.c(22): note: forward declaration of 'struct rt_can_device'
   22 |     struct rt_can_device *can;
      |            ^
rt-thread/components/drivers/can/can.c(29): error: incomplete definition of type 'struct rt_can_device'
   29 |     can->can_tx = RT_NULL;
      |     ~~~^
rt-thread/components/drivers/can/can.c(22): note: forward declaration of 'struct rt_can_device'
   22 |     struct rt_can_device *can;
      |            ^
rt-thread/components/drivers/can/can.c(35): error: incomplete definition of type 'struct rt_can_device'
   35 |     if (can->ops->configure)
      |         ~~~^
rt-thread/components/drivers/can/can.c(22): note: forward declaration of 'struct rt_can_device'
   22 |     struct rt_can_device *can;
      |            ^
rt-thread/components/drivers/can/can.c(36): error: incomplete definition of type 'struct rt_can_device'
   36 |         result = can->ops->configure(can, &can->config);
      |                  ~~~^
rt-thread/components/drivers/can/can.c(22): note: forward declaration of 'struct rt_can_device'
   22 |     struct rt_can_device *can;
      |            ^
rt-thread/components/drivers/can/can.c(36): error: incomplete definition of type 'struct rt_can_device'
   36 |         result = can->ops->configure(can, &can->config);
      |                                            ~~~^
rt-thread/components/drivers/can/can.c(22): note: forward declaration of 'struct rt_can_device'
   22 |     struct rt_can_device *can;
      |            ^
rt-thread/components/drivers/can/can.c(46): warning: declaration of 'struct rt_can_device' will not be visible outside of this function [-Wvisibility]
   46 | rt_inline int _can_int_rx(struct rt_can_device *can, struct rt_can_msg *data, int msgs)
      |                                  ^
rt-thread/components/drivers/can/can.c(46): warning: declaration of 'struct rt_can_msg' will not be visible outside of this function [-Wvisibility]
   46 | rt_inline int _can_int_rx(struct rt_can_device *can, struct rt_can_msg *data, int msgs)
      |                                                             ^
rt-thread/components/drivers/can/can.c(53): error: incomplete definition of type 'struct rt_can_device'
   53 |     rx_fifo = (struct rt_can_rx_fifo *) can->can_rx;
      |                                         ~~~^
rt-thread/components/drivers/can/can.c(46): note: forward declaration of 'struct rt_can_device'
   46 | rt_inline int _can_int_rx(struct rt_can_device *can, struct rt_can_msg *data, int msgs)
      |                                  ^
rt-thread/components/drivers/can/can.c(84): error: incomplete definition of type 'struct rt_can_rx_fifo'
   84 |             if (!rt_list_isempty(&rx_fifo->uselist))
      |                                   ~~~~~~~^
rt-thread/components/drivers/can/can.c(49): note: forward declaration of 'struct rt_can_rx_fifo'
   49 |     struct rt_can_rx_fifo *rx_fifo;
      |            ^
rt-thread/components/drivers/can/can.c(86): error: incomplete definition of type 'struct rt_can_rx_fifo'
   86 |                 listmsg = rt_list_entry(rx_fifo->uselist.next, struct rt_can_msg_list, list);
      |                                         ~~~~~~~^
rt-thread/include\rtservice.h(129): note: expanded from macro 'rt_list_entry'
  129 |     rt_container_of(node, type, member)
      |                     ^~~~
rt-thread/include\rtservice.h(36): note: expanded from macro 'rt_container_of'
   36 |     ((type *)((char *)(ptr) - (unsigned long)(&((type *)0)->member)))
      |                        ^~~
rt-thread/components/drivers/can/can.c(49): note: forward declaration of 'struct rt_can_rx_fifo'
   49 |     struct rt_can_rx_fifo *rx_fifo;
      |            ^
rt-thread/components/drivers/can/can.c(86): error: incomplete definition of type 'struct rt_can_msg_list'
   86 |                 listmsg = rt_list_entry(rx_fifo->uselist.next, struct rt_can_msg_list, list);
      |                           ^~~~~~~~~~~~~~~~~~~~~~~~~~~~~~~~~~~~~~~~~~~~~~~~~~~~~~~~~~~~~~~~~~
rt-thread/include\rtservice.h(129): note: expanded from macro 'rt_list_entry'
  129 |     rt_container_of(node, type, member)
      |     ^~~~~~~~~~~~~~~~~~~~~~~~~~~~~~~~~~~
rt-thread/include\rtservice.h(36): note: expanded from macro 'rt_container_of'
   36 |     ((type *)((char *)(ptr) - (unsigned long)(&((type *)0)->member)))
      |                                                ~~~~~~~~~~~^
rt-thread/components/drivers/can/can.c(63): note: forward declaration of 'struct rt_can_msg_list'
   63 |         struct rt_can_msg_list *listmsg = RT_NULL;
      |                ^
rt-thread/components/drivers/can/can.c(87): error: incomplete definition of type 'struct rt_can_msg_list'
   87 |                 rt_list_remove(&listmsg->list);
      |                                 ~~~~~~~^
rt-thread/components/drivers/can/can.c(63): note: forward declaration of 'struct rt_can_msg_list'
   63 |         struct rt_can_msg_list *listmsg = RT_NULL;
      |                ^
rt-thread/components/drivers/can/can.c(109): error: incomplete definition of type 'struct rt_can_msg_list'
  109 |             rt_memcpy(data, &listmsg->data, sizeof(struct rt_can_msg));
      |                              ~~~~~~~^
rt-thread/components/drivers/can/can.c(63): note: forward declaration of 'struct rt_can_msg_list'
   63 |         struct rt_can_msg_list *listmsg = RT_NULL;
      |                ^
rt-thread/components/drivers/can/can.c(109): error: invalid application of 'sizeof' to an incomplete type 'struct rt_can_msg'
  109 |             rt_memcpy(data, &listmsg->data, sizeof(struct rt_can_msg));
      |                                             ^     ~~~~~~~~~~~~~~~~~~~
rt-thread/components/drivers/can/can.c(46): note: forward declaration of 'struct rt_can_msg'
   46 | rt_inline int _can_int_rx(struct rt_can_device *can, struct rt_can_msg *data, int msgs)
      |                                                             ^
rt-thread/components/drivers/can/can.c(112): error: incomplete definition of type 'struct rt_can_rx_fifo'
  112 |             rt_list_insert_before(&rx_fifo->freelist, &listmsg->list);
      |                                    ~~~~~~~^
rt-thread/components/drivers/can/can.c(49): note: forward declaration of 'struct rt_can_rx_fifo'
   49 |     struct rt_can_rx_fifo *rx_fifo;
      |            ^
rt-thread/components/drivers/can/can.c(112): error: incomplete definition of type 'struct rt_can_msg_list'
  112 |             rt_list_insert_before(&rx_fifo->freelist, &listmsg->list);
      |                                                        ~~~~~~~^
rt-thread/components/drivers/can/can.c(63): note: forward declaration of 'struct rt_can_msg_list'
   63 |         struct rt_can_msg_list *listmsg = RT_NULL;
      |                ^
rt-thread/components/drivers/can/can.c(113): error: incomplete definition of type 'struct rt_can_rx_fifo'
  113 |             rx_fifo->freenumbers++;
      |             ~~~~~~~^
rt-thread/components/drivers/can/can.c(49): note: forward declaration of 'struct rt_can_rx_fifo'
   49 |     struct rt_can_rx_fifo *rx_fifo;
      |            ^
rt-thread/components/drivers/can/can.c(114): error: incomplete definition of type 'struct rt_can_rx_fifo'
  114 |             RT_ASSERT(rx_fifo->freenumbers <= can->config.msgboxsz);
      |                       ~~~~~~~^
rt-thread/include\rtthread.h(807): note: expanded from macro 'RT_ASSERT'
  807 | if (!(EX))                                                                    \
      |       ^~
rt-thread/components/drivers/can/can.c(49): note: forward declaration of 'struct rt_can_rx_fifo'
   49 |     struct rt_can_rx_fifo *rx_fifo;
      |            ^
rt-thread/components/drivers/can/can.c(114): error: incomplete definition of type 'struct rt_can_device'
  114 |             RT_ASSERT(rx_fifo->freenumbers <= can->config.msgboxsz);
      |                                               ~~~^
rt-thread/include\rtthread.h(807): note: expanded from macro 'RT_ASSERT'
  807 | if (!(EX))                                                                    \
      |       ^~
rt-thread/components/drivers/can/can.c(46): note: forward declaration of 'struct rt_can_device'
   46 | rt_inline int _can_int_rx(struct rt_can_device *can, struct rt_can_msg *data, int msgs)
      |                                  ^
rt-thread/components/drivers/can/can.c(123): error: arithmetic on a pointer to an incomplete type 'struct rt_can_msg'
  123 |         data ++;
      |         ~~~~ ^
rt-thread/components/drivers/can/can.c(46): note: forward declaration of 'struct rt_can_msg'
   46 | rt_inline int _can_int_rx(struct rt_can_device *can, struct rt_can_msg *data, int msgs)
      |                                                             ^
rt-thread/components/drivers/can/can.c(124): error: invalid application of 'sizeof' to an incomplete type 'struct rt_can_msg'
  124 |         msgs -= sizeof(struct rt_can_msg);
      |                 ^     ~~~~~~~~~~~~~~~~~~~
rt-thread/components/drivers/can/can.c(46): note: forward declaration of 'struct rt_can_msg'
   46 | rt_inline int _can_int_rx(struct rt_can_device *can, struct rt_can_msg *data, int msgs)
      |                                                             ^
rt-thread/components/drivers/can/can.c(130): warning: declaration of 'struct rt_can_device' will not be visible outside of this function [-Wvisibility]
  130 | rt_inline int _can_int_tx(struct rt_can_device *can, const struct rt_can_msg *data, int msgs)
      |                                  ^
rt-thread/components/drivers/can/can.c(130): warning: declaration of 'struct rt_can_msg' will not be visible outside of this function [-Wvisibility]
  130 | rt_inline int _can_int_tx(struct rt_can_device *can, const struct rt_can_msg *data, int msgs)
      |                                                                   ^
fatal error: too many errors emitted, stopping now [-ferror-limit=]
4 warnings and 20 errors generated.
compiling can.c...
compiling device.c...
compiling i2c-bit-ops.c...
compiling i2c_dev.c...
compiling i2c_core.c...
compiling completion.c...
compiling pipe.c...
compiling dataqueue.c...
compiling ringblk_buf.c...
compiling ringbuffer.c...
compiling waitqueue.c...
compiling rtc.c...
compiling workqueue.c...
compiling adc.c...
compiling pin.c...
compiling soft_rtc.c...
assembling startup_stm32f427xx.s...
compiling serial_v2.c...
compiling board.c...
libraries/HAL_Drivers/drivers/drv_can.c(19): warning: In file included from...
libraries/HAL_Drivers/drivers/drv_can.h(47): error: field has incomplete type 'struct rt_can_device'
   47 |     struct rt_can_device device;     /* inherit from can device */
      |                          ^
libraries/HAL_Drivers/drivers/drv_can.h(47): note: forward declaration of 'struct rt_can_device'
   47 |     struct rt_can_device device;     /* inherit from can device */
      |            ^
1 error generated.
compiling drv_can.c...
compiling drv_adc.c...
compiling stm32f4xx_hal_msp.c...
compiling drv_gpio.c...
compiling drv_common.c...
rt-thread/components/dfs/dfs_v1/src/dfs.c(496): error: call to undeclared function 'fd_slot_expand'; ISO C99 and later do not support implicit function declarations [-Wimplicit-function-declaration]
  496 |         newfd = fd_slot_expand(fdt, newfd);
      |                 ^
rt-thread/components/dfs/dfs_v1/src/dfs.c(516): error: call to undeclared function 'fd_release'; ISO C99 and later do not support implicit function declarations [-Wimplicit-function-declaration]
  516 |         fd_release(newfd);
      |         ^
2 errors generated.
compiling dfs.c...
rt-thread/components/dfs/dfs_v1/src/dfs_fs.c(276): error: call to undeclared function 'fd_init'; ISO C99 and later do not support implicit function declarations [-Wimplicit-function-declaration]
  276 |         fd_init(&fd);
      |         ^
rt-thread/components/dfs/dfs_v1/src/dfs_fs.c(276): note: did you mean 'dfs_init'?
rt-thread/components/dfs/dfs_v1/include\dfs.h(79): note: 'dfs_init' declared here
   79 | int dfs_init(void);
      |     ^
1 error generated.
compiling dfs_fs.c...
compiling devfs.c...
rt-thread/components/dfs/dfs_v1/src/dfs_posix.c(41): error: call to undeclared function 'fd_new'; ISO C99 and later do not support implicit function declarations [-Wimplicit-function-declaration]
   41 |     fd = fd_new();
      |          ^
rt-thread/components/dfs/dfs_v1/src/dfs_posix.c(48): error: call to undeclared function 'fd_get'; ISO C99 and later do not support implicit function declarations [-Wimplicit-function-declaration]
   48 |     d = fd_get(fd);
      |         ^
rt-thread/components/dfs/dfs_v1/src/dfs_posix.c(48): error: incompatible integer to pointer conversion assigning to 'struct dfs_file *' from 'int' [-Wint-conversion]
   48 |     d = fd_get(fd);
      |       ^ ~~~~~~~~~~
rt-thread/components/dfs/dfs_v1/src/dfs_posix.c(54): error: call to undeclared function 'fd_release'; ISO C99 and later do not support implicit function declarations [-Wimplicit-function-declaration]
   54 |         fd_release(fd);
      |         ^
rt-thread/components/dfs/dfs_v1/src/dfs_posix.c(86): error: call to undeclared function 'fd_get'; ISO C99 and later do not support implicit function declarations [-Wimplicit-function-declaration]
   86 |             d = fd_get(dirfd);
      |                 ^
rt-thread/components/dfs/dfs_v1/src/dfs_posix.c(86): error: incompatible integer to pointer conversion assigning to 'struct dfs_file *' from 'int' [-Wint-conversion]
   86 |             d = fd_get(dirfd);
      |               ^ ~~~~~~~~~~~~~
rt-thread/components/dfs/dfs_v1/src/dfs_posix.c(140): error: call to undeclared function 'fd_get'; ISO C99 and later do not support implicit function declarations [-Wimplicit-function-declaration]
  140 |     d = fd_get(fd);
      |         ^
rt-thread/components/dfs/dfs_v1/src/dfs_posix.c(140): error: incompatible integer to pointer conversion assigning to 'struct dfs_file *' from 'int' [-Wint-conversion]
  140 |     d = fd_get(fd);
      |       ^ ~~~~~~~~~~
rt-thread/components/dfs/dfs_v1/src/dfs_posix.c(149): error: call to undeclared function 'fd_release'; ISO C99 and later do not support implicit function declarations [-Wimplicit-function-declaration]
  149 |     fd_release(fd);
      |     ^
rt-thread/components/dfs/dfs_v1/src/dfs_posix.c(183): error: call to undeclared function 'fd_get'; ISO C99 and later do not support implicit function declarations [-Wimplicit-function-declaration]
  183 |     d = fd_get(fd);
      |         ^
rt-thread/components/dfs/dfs_v1/src/dfs_posix.c(183): error: incompatible integer to pointer conversion assigning to 'struct dfs_file *' from 'int' [-Wint-conversion]
  183 |     d = fd_get(fd);
      |       ^ ~~~~~~~~~~
rt-thread/components/dfs/dfs_v1/src/dfs_posix.c(223): error: call to undeclared function 'fd_get'; ISO C99 and later do not support implicit function declarations [-Wimplicit-function-declaration]
  223 |     d = fd_get(fd);
      |         ^
rt-thread/components/dfs/dfs_v1/src/dfs_posix.c(223): error: incompatible integer to pointer conversion assigning to 'struct dfs_file *' from 'int' [-Wint-conversion]
  223 |     d = fd_get(fd);
      |       ^ ~~~~~~~~~~
rt-thread/components/dfs/dfs_v1/src/dfs_posix.c(258): error: call to undeclared function 'fd_get'; ISO C99 and later do not support implicit function declarations [-Wimplicit-function-declaration]
  258 |     d = fd_get(fd);
      |         ^
rt-thread/components/dfs/dfs_v1/src/dfs_posix.c(258): error: incompatible integer to pointer conversion assigning to 'struct dfs_file *' from 'int' [-Wint-conversion]
  258 |     d = fd_get(fd);
      |       ^ ~~~~~~~~~~
rt-thread/components/dfs/dfs_v1/src/dfs_posix.c(393): error: call to undeclared function 'fd_get'; ISO C99 and later do not support implicit function declarations [-Wimplicit-function-declaration]
  393 |     d = fd_get(fildes);
      |         ^
rt-thread/components/dfs/dfs_v1/src/dfs_posix.c(393): error: incompatible integer to pointer conversion assigning to 'struct dfs_file *' from 'int' [-Wint-conversion]
  393 |     d = fd_get(fildes);
      |       ^ ~~~~~~~~~~~~~~
rt-thread/components/dfs/dfs_v1/src/dfs_posix.c(421): error: call to undeclared function 'fd_get'; ISO C99 and later do not support implicit function declarations [-Wimplicit-function-declaration]
  421 |     d = fd_get(fildes);
      |         ^
rt-thread/components/dfs/dfs_v1/src/dfs_posix.c(421): error: incompatible integer to pointer conversion assigning to 'struct dfs_file *' from 'int' [-Wint-conversion]
  421 |     d = fd_get(fildes);
      |       ^ ~~~~~~~~~~~~~~
fatal error: too many errors emitted, stopping now [-ferror-limit=]
20 errors generated.
compiling dfs_posix.c...
rt-thread/components/dfs/dfs_v1/src/dfs_file.c(770): error: call to undeclared function 'fd_init'; ISO C99 and later do not support implicit function declarations [-Wimplicit-function-declaration]
  770 |     fd_init(&fd);
      |     ^
rt-thread/components/dfs/dfs_v1/src/dfs_file.c(770): note: did you mean 'dfs_init'?
rt-thread/components/dfs/dfs_v1/include\dfs.h(79): note: 'dfs_init' declared here
   79 | int dfs_init(void);
      |     ^
rt-thread/components/dfs/dfs_v1/src/dfs_file.c(833): error: call to undeclared function 'fd_init'; ISO C99 and later do not support implicit function declarations [-Wimplicit-function-declaration]
  833 |     fd_init(&fd);
      |     ^
2 errors generated.
compiling dfs_file.c...
compiling drv_usart_v2.c...
warning: unknown warning option '-Wstack-usage=4096'; did you mean '-Wstack-protector'? [-Wunknown-warning-option]
1 warning generated.
compiling shell.c...
warning: unknown warning option '-Wstack-usage=4096'; did you mean '-Wstack-protector'? [-Wunknown-warning-option]
1 warning generated.
compiling msh_parse.c...
warning: unknown warning option '-Wstack-usage=4096'; did you mean '-Wstack-protector'? [-Wunknown-warning-option]
1 warning generated.
compiling msh.c...
warning: unknown warning option '-Wstack-usage=4096'; did you mean '-Wstack-protector'? [-Wunknown-warning-option]
1 warning generated.
compiling msh_file.c...
warning: unknown warning option '-Wlogical-op'; did you mean '-Wlong-long'? [-Wunknown-warning-option]
warning: unknown warning option '-Wduplicated-cond' [-Wunknown-warning-option]
warning: unknown warning option '-Wduplicated-branches' [-Wunknown-warning-option]
3 warnings generated.
compiling src_clock.c...
warning: unknown warning option '-Wlogical-op'; did you mean '-Wlong-long'? [-Wunknown-warning-option]
warning: unknown warning option '-Wduplicated-cond' [-Wunknown-warning-option]
warning: unknown warning option '-Wduplicated-branches' [-Wunknown-warning-option]
rt-thread/src/components.c(143): warning: no previous prototype for function '$Sub$$main' [-Wmissing-prototypes]
  143 | int $Sub$$main(void)
      |     ^
rt-thread/src/components.c(143): note: declare 'static' if the function is not intended to be used outside of this translation unit
  143 | int $Sub$$main(void)
      | ^
      | static 
4 warnings generated.
compiling components.c...
warning: unknown warning option '-Wlogical-op'; did you mean '-Wlong-long'? [-Wunknown-warning-option]
warning: unknown warning option '-Wduplicated-cond' [-Wunknown-warning-option]
warning: unknown warning option '-Wduplicated-branches' [-Wunknown-warning-option]
3 warnings generated.
compiling idle.c...
warning: unknown warning option '-Wstack-usage=4096'; did you mean '-Wstack-protector'? [-Wunknown-warning-option]
1 warning generated.
compiling cmd.c...
warning: unknown warning option '-Wlogical-op'; did you mean '-Wlong-long'? [-Wunknown-warning-option]
warning: unknown warning option '-Wduplicated-cond' [-Wunknown-warning-option]
warning: unknown warning option '-Wduplicated-branches' [-Wunknown-warning-option]
3 warnings generated.
compiling irq.c...
warning: unknown warning option '-Wlogical-op'; did you mean '-Wlong-long'? [-Wunknown-warning-option]
warning: unknown warning option '-Wduplicated-cond' [-Wunknown-warning-option]
warning: unknown warning option '-Wduplicated-branches' [-Wunknown-warning-option]
3 warnings generated.
compiling mem.c...
warning: unknown warning option '-Wlogical-op'; did you mean '-Wlong-long'? [-Wunknown-warning-option]
warning: unknown warning option '-Wduplicated-cond' [-Wunknown-warning-option]
warning: unknown warning option '-Wduplicated-branches' [-Wunknown-warning-option]
3 warnings generated.
compiling ipc.c...
warning: unknown warning option '-Wlogical-op'; did you mean '-Wlong-long'? [-Wunknown-warning-option]
warning: unknown warning option '-Wduplicated-cond' [-Wunknown-warning-option]
warning: unknown warning option '-Wduplicated-branches' [-Wunknown-warning-option]
3 warnings generated.
compiling kservice.c...
warning: unknown warning option '-Wlogical-op'; did you mean '-Wlong-long'? [-Wunknown-warning-option]
warning: unknown warning option '-Wduplicated-cond' [-Wunknown-warning-option]
warning: unknown warning option '-Wduplicated-branches' [-Wunknown-warning-option]
3 warnings generated.
compiling mempool.c...
warning: unknown warning option '-Wlogical-op'; did you mean '-Wlong-long'? [-Wunknown-warning-option]
warning: unknown warning option '-Wduplicated-cond' [-Wunknown-warning-option]
warning: unknown warning option '-Wduplicated-branches' [-Wunknown-warning-option]
3 warnings generated.
compiling signal.c...
warning: unknown warning option '-Wlogical-op'; did you mean '-Wlong-long'? [-Wunknown-warning-option]
warning: unknown warning option '-Wduplicated-cond' [-Wunknown-warning-option]
warning: unknown warning option '-Wduplicated-branches' [-Wunknown-warning-option]
3 warnings generated.
compiling scheduler_comm.c...
warning: unknown warning option '-Wlogical-op'; did you mean '-Wlong-long'? [-Wunknown-warning-option]
warning: unknown warning option '-Wduplicated-cond' [-Wunknown-warning-option]
warning: unknown warning option '-Wduplicated-branches' [-Wunknown-warning-option]
3 warnings generated.
compiling object.c...
warning: unknown warning option '-Wlogical-op'; did you mean '-Wlong-long'? [-Wunknown-warning-option]
warning: unknown warning option '-Wduplicated-cond' [-Wunknown-warning-option]
warning: unknown warning option '-Wduplicated-branches' [-Wunknown-warning-option]
3 warnings generated.
compiling scheduler_up.c...
compiling cputimer.c...
warning: unknown warning option '-Wlogical-op'; did you mean '-Wlong-long'? [-Wunknown-warning-option]
warning: unknown warning option '-Wduplicated-cond' [-Wunknown-warning-option]
warning: unknown warning option '-Wduplicated-branches' [-Wunknown-warning-option]
3 warnings generated.
compiling src_thread.c...
warning: unknown warning option '-Wlogical-op'; did you mean '-Wlong-long'? [-Wunknown-warning-option]
warning: unknown warning option '-Wduplicated-cond' [-Wunknown-warning-option]
warning: unknown warning option '-Wduplicated-branches' [-Wunknown-warning-option]
3 warnings generated.
compiling timer.c...
compiling boottime.c...
compiling hrtimer.c...
compiling atomic_arm.c...
compiling div0.c...
assembling context_rvds.S...
compiling showmem.c...
compiling cpuport.c...
compiling stm32f4xx_hal_rtc_ex.c...
compiling stm32f4xx_hal_rtc.c...
compiling stm32f4xx_hal_adc.c...
compiling stm32f4xx_hal_crc.c...
compiling stm32f4xx_hal_cryp_ex.c...
compiling stm32f4xx_hal_rcc_ex.c...
compiling stm32f4xx_hal_pwr_ex.c...
compiling stm32f4xx_hal_i2c_ex.c...
compiling stm32f4xx_hal_uart.c...
compiling stm32f4xx_hal_usart.c...
compiling stm32f4xx_hal_dma.c...
compiling stm32f4xx_hal_rng.c...
compiling stm32f4xx_hal_pwr.c...
compiling stm32f4xx_hal_rcc.c...
compiling stm32f4xx_hal_dma_ex.c...
compiling stm32f4xx_hal_adc_ex.c...
compiling stm32f4xx_hal_cortex.c...
compiling stm32f4xx_hal_cryp.c...
compiling stm32f4xx_hal.c...
compiling stm32f4xx_hal_i2c.c...
compiling stm32f4xx_hal_cec.c...
compiling stm32f4xx_hal_can.c...
compiling perf_os_patch_rt_thread.c...
compiling delay.c...
compiling system_stm32f4xx.c...
compiling stdio.c...
rt-thread/components/libc/posix/pthreads/pthread.c(134): error: no member named 'pthread_data' in 'struct rt_thread'
  134 |         ptd->tid->pthread_data = RT_NULL;
      |         ~~~~~~~~  ^
rt-thread/components/libc/posix/pthreads/pthread.c(279): error: no member named 'pthread_data' in 'struct rt_thread'
  279 |     ptd->tid->pthread_data = (void *)ptd;
      |     ~~~~~~~~  ^
rt-thread/components/libc/posix/pthreads/pthread.c(393): error: no member named 'pthread_data' in 'struct rt_thread'
  393 |     ptd = (_pthread_data_t *)rt_thread_self()->pthread_data;
      |                              ~~~~~~~~~~~~~~~~  ^
rt-thread/components/libc/posix/pthreads/pthread.c(476): error: no member named 'pthread_data' in 'struct rt_thread'
  476 |     ptd = (_pthread_data_t *)rt_thread_self()->pthread_data;
      |                              ~~~~~~~~~~~~~~~~  ^
rt-thread/components/libc/posix/pthreads/pthread.c(594): error: no member named 'pthread_data' in 'struct rt_thread'
  594 |     ptd = (_pthread_data_t *)rt_thread_self()->pthread_data;
      |                              ~~~~~~~~~~~~~~~~  ^
rt-thread/components/libc/posix/pthreads/pthread.c(623): error: no member named 'pthread_data' in 'struct rt_thread'
  623 |     ptd = (_pthread_data_t *)rt_thread_self()->pthread_data;
      |                              ~~~~~~~~~~~~~~~~  ^
rt-thread/components/libc/posix/pthreads/pthread.c(675): error: no member named 'pthread_data' in 'struct rt_thread'
  675 |     ptd = (_pthread_data_t *)rt_thread_self()->pthread_data;
      |                              ~~~~~~~~~~~~~~~~  ^
rt-thread/components/libc/posix/pthreads/pthread.c(698): error: no member named 'pthread_data' in 'struct rt_thread'
  698 |     ptd = (_pthread_data_t *)rt_thread_self()->pthread_data;
      |                              ~~~~~~~~~~~~~~~~  ^
rt-thread/components/libc/posix/pthreads/pthread.c(720): error: no member named 'pthread_data' in 'struct rt_thread'
  720 |     ptd = (_pthread_data_t *)rt_thread_self()->pthread_data;
      |                              ~~~~~~~~~~~~~~~~  ^
9 errors generated.
compiling pthread.c...
compiling stm32f4xx_hal_gpio.c...
compiling perf_counter.c...
compiling pthread_barrier.c...
rt-thread/components/libc/posix/pthreads/pthread_cond.c(359): error: call to undeclared function 'rt_timespec_to_tick'; ISO C99 and later do not support implicit function declarations [-Wimplicit-function-declaration]
  359 |     timeout = rt_timespec_to_tick(abstime);
      |               ^
1 error generated.
compiling pthread_cond.c...
compiling pthread_attr.c...
compiling pthread_spin.c...
compiling pthread_mutex.c...
compiling pthread_rwlock.c...
compiling pthread_tls.c...
compiling sched.c...
compiling rt_kprintf.c...
rt-thread/components/libc/posix/signal/posix_signal.c(23): error: call to undeclared function 'rt_signal_install'; ISO C99 and later do not support implicit function declarations [-Wimplicit-function-declaration]
   23 |     return rt_signal_install(sig, func);
      |            ^
rt-thread/components/libc/posix/signal/posix_signal.c(23): error: incompatible integer to pointer conversion returning 'int' from a function with result type 'void (*)(int)' [-Wint-conversion]
   23 |     return rt_signal_install(sig, func);
      |            ^~~~~~~~~~~~~~~~~~~~~~~~~~~~
rt-thread/components/libc/posix/signal/posix_signal.c(55): error: no member named 'sig_mask' in 'struct rt_thread'
   55 |     if (oset) *oset = tid->sig_mask;
      |                       ~~~  ^
rt-thread/components/libc/posix/signal/posix_signal.c(62): error: no member named 'sig_mask' in 'struct rt_thread'
   62 |             tid->sig_mask |= *set;
      |             ~~~  ^
rt-thread/components/libc/posix/signal/posix_signal.c(65): error: no member named 'sig_mask' in 'struct rt_thread'
   65 |             tid->sig_mask &= ~*set;
      |             ~~~  ^
rt-thread/components/libc/posix/signal/posix_signal.c(68): error: no member named 'sig_mask' in 'struct rt_thread'
   68 |             tid->sig_mask =  *set;
      |             ~~~  ^
rt-thread/components/libc/posix/signal/posix_signal.c(116): error: call to undeclared function 'rt_signal_wait'; ISO C99 and later do not support implicit function declarations [-Wimplicit-function-declaration]
  116 |     ret = rt_signal_wait(&suspend_set, &info, RT_WAITING_FOREVER);
      |           ^
rt-thread/components/libc/posix/signal/posix_signal.c(138): error: unknown type name 'rt_sighandler_t'; did you mean 'rt_isr_handler_t'?
  138 |     rt_sighandler_t old = RT_NULL;
      |     ^~~~~~~~~~~~~~~
      |     rt_isr_handler_t
rt-thread/include\rthw.h(109): note: 'rt_isr_handler_t' declared here
  109 | typedef void (*rt_isr_handler_t)(int vector, void *param);
      |                ^
rt-thread/components/libc/posix/signal/posix_signal.c(140): error: use of undeclared identifier 'RT_SIG_MAX'
  140 |     if (!sig_valid(signum)) return -RT_ERROR;
      |          ^
rt-thread/components/libc/posix/signal/posix_signal.c(19): note: expanded from macro 'sig_valid'
   19 | #define sig_valid(sig_no)   (sig_no >= 0 && sig_no < RT_SIG_MAX)
      |                                                      ^
rt-thread/components/libc/posix/signal/posix_signal.c(143): error: call to undeclared function 'rt_signal_install'; ISO C99 and later do not support implicit function declarations [-Wimplicit-function-declaration]
  143 |         old = rt_signal_install(signum, act->sa_handler);
      |               ^
rt-thread/components/libc/posix/signal/posix_signal.c(143): error: incompatible integer to pointer conversion assigning to 'rt_isr_handler_t' (aka 'void (*)(int, void *)') from 'int' [-Wint-conversion]
  143 |         old = rt_signal_install(signum, act->sa_handler);
      |             ^ ~~~~~~~~~~~~~~~~~~~~~~~~~~~~~~~~~~~~~~~~~~
rt-thread/components/libc/posix/signal/posix_signal.c(146): error: incompatible integer to pointer conversion assigning to 'rt_isr_handler_t' (aka 'void (*)(int, void *)') from 'int' [-Wint-conversion]
  146 |         old = rt_signal_install(signum, RT_NULL);
      |             ^ ~~~~~~~~~~~~~~~~~~~~~~~~~~~~~~~~~~
rt-thread/components/libc/posix/signal/posix_signal.c(151): error: incompatible function pointer types assigning to '_sig_func_ptr' (aka 'void (*)(int)') from 'rt_isr_handler_t' (aka 'void (*)(int, void *)') [-Wincompatible-function-pointer-types]
  151 |         oldact->sa_handler = old;
      |                            ^ ~~~
rt-thread/components/libc/posix/signal/posix_signal.c(178): error: call to undeclared function 'rt_signal_wait'; ISO C99 and later do not support implicit function declarations [-Wimplicit-function-declaration]
  178 |     ret = rt_signal_wait(set, info, tick);
      |           ^
rt-thread/components/libc/posix/signal/posix_signal.c(227): error: call to undeclared function 'rt_thread_kill'; ISO C99 and later do not support implicit function declarations [-Wimplicit-function-declaration]
  227 |     rt_thread_kill(rt_thread_self(), sig);
      |     ^
15 errors generated.
compiling posix_signal.c...
compiling pins_arduino.c...
warning: unknown warning option '-Wlogical-op'; did you mean '-Wlong-long'? [-Wunknown-warning-option]
warning: unknown warning option '-Wduplicated-cond' [-Wunknown-warning-option]
warning: unknown warning option '-Wduplicated-branches' [-Wunknown-warning-option]
3 warnings generated.
compiling WMath_c.c...
warning: unknown warning option '-Wlogical-op'; did you mean '-Wlong-long'? [-Wunknown-warning-option]
warning: unknown warning option '-Wduplicated-cond' [-Wunknown-warning-option]
warning: unknown warning option '-Wduplicated-branches' [-Wunknown-warning-option]
3 warnings generated.
compiling wiring_pulse.c...
packages/rt_vsnprintf_full-latest/rt_vsnprintf.c(601): warning: unknown warning group '-Wmaybe-uninitialized', ignored [-Wunknown-warning-option]
  601 | #pragma GCC diagnostic ignored "-Wmaybe-uninitialized"
      |                                ^
1 warning generated.
compiling rt_vsnprintf.c...
warning: unknown warning option '-Wlogical-op'; did you mean '-Wlong-long'? [-Wunknown-warning-option]
warning: unknown warning option '-Wduplicated-cond' [-Wunknown-warning-option]
warning: unknown warning option '-Wduplicated-branches' [-Wunknown-warning-option]
3 warnings generated.
compiling wiring.c...
warning: unknown warning option '-Wlogical-op'; did you mean '-Wlong-long'? [-Wunknown-warning-option]
warning: unknown warning option '-Wduplicated-cond' [-Wunknown-warning-option]
warning: unknown warning option '-Wduplicated-branches' [-Wunknown-warning-option]
3 warnings generated.
compiling WInterrupts.c...
warning: unknown warning option '-Wlogical-op'; did you mean '-Wlong-long'? [-Wunknown-warning-option]
warning: unknown warning option '-Wduplicated-cond' [-Wunknown-warning-option]
warning: unknown warning option '-Wduplicated-branches' [-Wunknown-warning-option]
3 warnings generated.
compiling dtostrf.c...
warning: unknown warning option '-Wlogical-op'; did you mean '-Wlong-long'? [-Wunknown-warning-option]
warning: unknown warning option '-Wduplicated-cond' [-Wunknown-warning-option]
warning: unknown warning option '-Wduplicated-branches' [-Wunknown-warning-option]
3 warnings generated.
compiling Tone.cpp...
warning: unknown warning option '-Wlogical-op'; did you mean '-Wlong-long'? [-Wunknown-warning-option]
warning: unknown warning option '-Wduplicated-cond' [-Wunknown-warning-option]
warning: unknown warning option '-Wduplicated-branches' [-Wunknown-warning-option]
3 warnings generated.
compiling wiring_analog.c...
warning: unknown warning option '-Wlogical-op'; did you mean '-Wlong-long'? [-Wunknown-warning-option]
warning: unknown warning option '-Wduplicated-cond' [-Wunknown-warning-option]
warning: unknown warning option '-Wduplicated-branches' [-Wunknown-warning-option]
3 warnings generated.
compiling wiring_shift.c...
warning: unknown warning option '-Wlogical-op'; did you mean '-Wlong-long'? [-Wunknown-warning-option]
warning: unknown warning option '-Wduplicated-cond' [-Wunknown-warning-option]
warning: unknown warning option '-Wduplicated-branches' [-Wunknown-warning-option]
3 warnings generated.
compiling HardwareSerial.cpp...
warning: unknown warning option '-Wlogical-op'; did you mean '-Wlong-long'? [-Wunknown-warning-option]
warning: unknown warning option '-Wduplicated-cond' [-Wunknown-warning-option]
warning: unknown warning option '-Wduplicated-branches' [-Wunknown-warning-option]
3 warnings generated.
compiling RTduino.cpp...
warning: unknown warning option '-Wlogical-op'; did you mean '-Wlong-long'? [-Wunknown-warning-option]
warning: unknown warning option '-Wduplicated-cond' [-Wunknown-warning-option]
warning: unknown warning option '-Wduplicated-branches' [-Wunknown-warning-option]
3 warnings generated.
compiling WMath_cpp.cpp...
warning: unknown warning option '-Wlogical-op'; did you mean '-Wlong-long'? [-Wunknown-warning-option]
warning: unknown warning option '-Wduplicated-cond' [-Wunknown-warning-option]
warning: unknown warning option '-Wduplicated-branches' [-Wunknown-warning-option]
3 warnings generated.
compiling WString.cpp...
warning: unknown warning option '-Wlogical-op'; did you mean '-Wlong-long'? [-Wunknown-warning-option]
warning: unknown warning option '-Wduplicated-cond' [-Wunknown-warning-option]
warning: unknown warning option '-Wduplicated-branches' [-Wunknown-warning-option]
3 warnings generated.
compiling wiring_digital.c...
compiling console_be.c...
compiling var_export.c...
compiling var_export_cmd.c...
compiling ulog.c...
warning: unknown warning option '-Wlogical-op'; did you mean '-Wlong-long'? [-Wunknown-warning-option]
warning: unknown warning option '-Wduplicated-cond' [-Wunknown-warning-option]
warning: unknown warning option '-Wduplicated-branches' [-Wunknown-warning-option]
packages/RTduino-latest/core/Stream.cpp(91): warning: unannotated fall-through between switch labels [-Wimplicit-fallthrough]
   91 |         case SKIP_ALL:
      |         ^
packages/RTduino-latest/core/Stream.cpp(91): note: insert 'break;' to avoid fall-through
   91 |         case SKIP_ALL:
      |         ^
      |         break; 
4 warnings generated.
compiling Stream.cpp...
warning: unknown warning option '-Wlogical-op'; did you mean '-Wlong-long'? [-Wunknown-warning-option]
warning: unknown warning option '-Wduplicated-cond' [-Wunknown-warning-option]
warning: unknown warning option '-Wduplicated-branches' [-Wunknown-warning-option]
3 warnings generated.
compiling Print.cpp...
".\build\keil\Obj\rt-thread.axf" - 77 Error(s), 128 Warning(s).

<h2>Software Packages used:</h2>

Package Vendor: Keil
                https://www.keil.com/pack/Keil.STM32F4xx_DFP.2.17.1.pack
                Keil::STM32F4xx_DFP@2.17.1
                STMicroelectronics STM32F4 Series Device Support, Drivers and Examples

<h2>Collection of Component include folders:</h2>
  C:/Users/33368/AppData/Local/Arm/Packs/Keil/STM32F4xx_DFP/2.17.1/Drivers/CMSIS/Device/ST/STM32F4xx/Include

<h2>Collection of Component Files used:</h2>
Target not created.
Build Time Elapsed:  00:00:13
</pre>
</body>
</html>
